<?xml version="1.0" encoding="UTF-8"?>
<testng-results ignored="0" total="0" passed="0" failed="0" skipped="0">
  <reporter-output>
  </reporter-output>
  <suite started-at="2022-02-09T11:24:05 IST" name="Default suite" finished-at="2022-02-09T11:24:06 IST" duration-ms="1423">
    <groups>
      <group name="cucumber">
        <method signature="AbstractTestNGCucumberTests.runScenario(io.cucumber.testng.PickleWrapper,io.cucumber.testng.FeatureWrapper)[pri:0, instance:runner.CucumberRunner@3646a422]" name="runScenario" class="io.cucumber.testng.AbstractTestNGCucumberTests"/>
      </group> <!-- cucumber -->
    </groups>
    <test started-at="2022-02-09T11:24:05 IST" name="Default test" finished-at="2022-02-09T11:24:06 IST" duration-ms="1423">
      <class name="runner.CucumberRunner">
        <test-method is-config="true" signature="setUpClass()[pri:0, instance:runner.CucumberRunner@3646a422]" started-at="2022-02-09T11:24:05 IST" name="setUpClass" finished-at="2022-02-09T11:24:06 IST" duration-ms="1250" status="PASS">
          <reporter-output>
          </reporter-output>
        </test-method> <!-- setUpClass -->
        <test-method is-config="true" signature="tearDownClass()[pri:0, instance:runner.CucumberRunner@3646a422]" started-at="2022-02-09T11:24:06 IST" name="tearDownClass" finished-at="2022-02-09T11:24:06 IST" duration-ms="101" status="PASS">
          <reporter-output>
          </reporter-output>
        </test-method> <!-- tearDownClass -->
      </class> <!-- runner.CucumberRunner -->
    </test> <!-- Default test -->
  </suite> <!-- Default suite -->
</testng-results>
